[2025-04-06T13:02:35.604] [DEBUG] debug-file - env: nodejsVersion=v18.20.1
[2025-04-06T13:02:43.562] [DEBUG] debug-file - Hvigor init with startParameters:{
  hvigorfileTypeCheck: false,
  parallelExecution: true,
  incrementalExecution: true,
  printStackTrace: false,
  daemon: false,
  analyze: 0,
  logLevel: Level { level: 20000, levelStr: 'INFO', colour: 'green' }
}
[2025-04-06T13:02:43.579] [DEBUG] debug-file - hvigorfile, resolving D:\hw\DevEcoStudioProjects\studyCase\database\hvigorfile.ts
[2025-04-06T13:03:20.122] [DEBUG] debug-file - hvigorfile, require result:  { appTasks: [Getter] }
[2025-04-06T13:03:20.330] [DEBUG] debug-file - Start initialize project's product build option map with build mode debug.
[2025-04-06T13:03:20.334] [DEBUG] debug-file - Product 'default' using build option: {
  "debuggable": true
} in this build.
[2025-04-06T13:03:20.357] [DEBUG] debug-file - Start recording SDK configuration permission data.
[2025-04-06T13:03:20.347] [DEBUG] debug-file - Local scan or download HarmonyOS sdk components toolchains,ets,js,native,previewer
[2025-04-06T13:03:20.404] [DEBUG] debug-file - Sdk init in 62 ms 
[2025-04-06T13:03:20.351] [DEBUG] debug-file - Local scan or download hmscore sdk components toolchains,ets,native
[2025-04-06T13:03:20.426] [DEBUG] debug-file - Project task initialization takes 21 ms 
[2025-04-06T13:03:20.433] [DEBUG] debug-file - hvigorfile, resolving D:\hw\DevEcoStudioProjects\studyCase\database\entry\hvigorfile.ts
[2025-04-06T13:03:20.451] [DEBUG] debug-file - Start initialize module-target build option map, moduleName=entry, buildMode=debug
[2025-04-06T13:03:20.461] [DEBUG] debug-file - project has submodules:entry
[2025-04-06T13:03:20.476] [DEBUG] debug-file - Configuration task cost before running: 36 s 929 ms 
[2025-04-06T13:03:20.478] [DEBUG] debug-file - Executing task :entry:clean
[2025-04-06T13:03:20.481] [DEBUG] debug-file - entry : clean cost memory 0.24199676513671875
[2025-04-06T13:03:20.498] [DEBUG] debug-file - Module 'entry' target 'default' using build option: {
  "debuggable": true,
  "copyFrom": "default"
} in this build.
[2025-04-06T13:03:20.458] [DEBUG] debug-file - Module entry task initialization takes 4 ms 
[2025-04-06T13:02:35.605] [DEBUG] debug-file - env: hvigor-config.json5 content = {
  modelVersion: '5.0.0',
  dependencies: {},
  execution: {},
  logging: {},
  debugging: {}
}
[2025-04-06T13:02:43.563] [DEBUG] debug-file - Since current hvigor version 5.16.2 differs from last hvigor version 
      undefined, delete file-cache.json and task-cache.json.
[2025-04-06T13:03:20.524] [DEBUG] debug-file - Create  resident worker with id: 0.
[2025-04-06T13:03:20.123] [DEBUG] debug-file - hvigorfile, binding system plugins { appTasks: [Getter] }
[2025-04-06T13:03:20.330] [DEBUG] debug-file - Picking option from product 'default' with build mode 'debug'.
[2025-04-06T13:03:20.335] [DEBUG] debug-file - not found resModel json file in : D:\hw\DevEcoStudioProjects\studyCase\database\entry\src\ohosTest\module.json5
[2025-04-06T13:03:20.426] [DEBUG] debug-file - hvigorfile, resolve finished D:\hw\DevEcoStudioProjects\studyCase\database\hvigorfile.ts
[2025-04-06T13:03:20.439] [DEBUG] debug-file - hvigorfile, require result:  { hapTasks: [Getter] }
[2025-04-06T13:03:20.451] [DEBUG] debug-file - Target 'default' config: {}
[2025-04-06T13:03:20.462] [DEBUG] debug-file - start to load updatedOhPackageInfo to the disk
[2025-04-06T13:03:20.479] [DEBUG] debug-file - clean: Worker pool is inactive.
[2025-04-06T13:03:20.482] [DEBUG] debug-file - runTaskFromQueue task cost before running: 36 s 935 ms 
[2025-04-06T13:03:20.501] [DEBUG] debug-file - Module 'entry' target 'ohosTest' using build option: {
  "debuggable": true
} in this build.
[2025-04-06T13:03:20.458] [DEBUG] debug-file - hvigorfile, resolve finished D:\hw\DevEcoStudioProjects\studyCase\database\entry\hvigorfile.ts
[2025-04-06T13:02:35.609] [DEBUG] debug-file - env: daemon=false
[2025-04-06T13:02:43.564] [DEBUG] debug-file - Cache service initialization finished in 2 ms 
[2025-04-06T13:03:20.527] [DEBUG] debug-file - Create  resident worker with id: 1.
[2025-04-06T13:03:20.330] [DEBUG] debug-file - Product 'default' build option: {}
[2025-04-06T13:03:20.342] [DEBUG] debug-file - No signingConfig found, initRemoteHspCache failed.
[2025-04-06T13:03:20.439] [DEBUG] debug-file - hvigorfile, binding system plugins { hapTasks: [Getter] }
[2025-04-06T13:03:20.451] [DEBUG] debug-file - Target 'ohosTest' config: {}
[2025-04-06T13:03:20.465] [DEBUG] debug-file - load to the disk finished
[2025-04-06T13:03:20.482] [INFO] debug-file - Finished :entry:clean... after 4 ms 
[2025-04-06T13:03:20.520] [DEBUG] debug-file - Since there is no instance or instance is terminated, create a new worker pool.
[2025-04-06T13:02:35.609] [DEBUG] debug-file - no-daemon, use the parent process.execArgv --max-old-space-size=8192,--expose-gc
[2025-04-06T13:03:20.529] [DEBUG] debug-file - Current worker pool is stopped or closed.
[2025-04-06T13:03:20.330] [DEBUG] debug-file - End initialize project's product build option map with build mode 'debug'.
[2025-04-06T13:03:20.451] [DEBUG] debug-file - Module 'entry' target 'default' build option: {
  "debuggable": true,
  "copyFrom": "default"
}
[2025-04-06T13:03:20.465] [DEBUG] debug-file - Start to initialize dependency information.
[2025-04-06T13:03:20.483] [DEBUG] debug-file - Executing task ::clean
[2025-04-06T13:03:20.521] [DEBUG] debug-file - Worker pool is initialized with config:  {
  minPoolNum: 2,
  maxPoolNum: undefined,
  maxCoreSize: undefined,
  cacheCapacity: undefined,
  cacheTtl: undefined
}
[2025-04-06T13:03:20.530] [DEBUG] debug-file - Clear worker 0.
[2025-04-06T13:03:20.451] [DEBUG] debug-file - Module 'entry' target 'ohosTest' build option: {
  "debuggable": true
}
[2025-04-06T13:03:20.467] [DEBUG] debug-file - Module database Collected Dependency: 
[2025-04-06T13:03:20.483] [DEBUG] debug-file - clean: Worker pool is inactive.
[2025-04-06T13:03:20.451] [DEBUG] debug-file - End initialize module-target build option map, moduleName=entry
[2025-04-06T13:03:20.467] [DEBUG] debug-file - Module database's total dependency: 0
[2025-04-06T13:03:20.530] [DEBUG] debug-file - Worker 0 has been cleared.
[2025-04-06T13:03:20.483] [DEBUG] debug-file - database : clean cost memory 0.0305328369140625
[2025-04-06T13:03:20.451] [DEBUG] debug-file - Module 'entry' target 'default' using build option: {
  "debuggable": true,
  "copyFrom": "default"
} in this build.
[2025-04-06T13:03:20.467] [DEBUG] debug-file - Start to initialize dependency information.
[2025-04-06T13:03:20.530] [DEBUG] debug-file - Current idle worker size: 1.
[2025-04-06T13:03:20.483] [DEBUG] debug-file - runTaskFromQueue task cost before running: 36 s 937 ms 
[2025-04-06T13:03:20.469] [DEBUG] debug-file - Module entry Collected Dependency: 
[2025-04-06T13:03:20.530] [DEBUG] debug-file - Current busy worker size: 0.
[2025-04-06T13:03:20.483] [INFO] debug-file - Finished ::clean... after 1 ms 
[2025-04-06T13:03:20.469] [DEBUG] debug-file - Module entry's total dependency: 0
[2025-04-06T13:03:20.530] [DEBUG] debug-file - Clear worker 1.
[2025-04-06T13:03:20.483] [DEBUG] debug-file - Executing task :entry:init
[2025-04-06T13:03:20.473] [DEBUG] debug-file - Configuration phase cost:36 s 903 ms 
[2025-04-06T13:03:20.530] [DEBUG] debug-file - Worker 1 has been cleared.
[2025-04-06T13:03:20.484] [DEBUG] debug-file - entry : init cost memory 0.01021575927734375
[2025-04-06T13:03:20.530] [DEBUG] debug-file - Current idle worker size: 0.
[2025-04-06T13:03:20.484] [DEBUG] debug-file - runTaskFromQueue task cost before running: 36 s 937 ms 
[2025-04-06T13:03:20.530] [DEBUG] debug-file - Current busy worker size: 0.
[2025-04-06T13:03:20.484] [INFO] debug-file - Finished :entry:init... after 1 ms 
[2025-04-06T13:03:20.531] [DEBUG] debug-file - hvigor build process will be closed.
[2025-04-06T13:03:20.484] [DEBUG] debug-file - Executing task ::init
[2025-04-06T13:03:20.541] [DEBUG] debug-file - worker[0] exits with exit code 0.
[2025-04-06T13:03:20.484] [DEBUG] debug-file - database : init cost memory 0.00899505615234375
[2025-04-06T13:03:20.541] [DEBUG] debug-file - worker[1] exits with exit code 0.
[2025-04-06T13:03:20.484] [DEBUG] debug-file - runTaskFromQueue task cost before running: 36 s 938 ms 
[2025-04-06T13:03:20.542] [DEBUG] debug-file - Current worker pool is terminated.
[2025-04-06T13:03:20.484] [INFO] debug-file - Finished ::init... after 1 ms 
[2025-04-06T22:56:10.509] [DEBUG] debug-file - env: nodejsVersion=v18.20.1
[2025-04-06T22:56:10.799] [DEBUG] debug-file - env: daemon=true
[2025-04-06T22:56:10.511] [DEBUG] debug-file - env: hvigor-config.json5 content = {
  modelVersion: '5.0.0',
  dependencies: {},
  execution: {},
  logging: {},
  debugging: {}
}
[2025-04-06T22:56:11.829] [DEBUG] debug-file - java daemon tryConnect success
[2025-04-06T22:56:11.876] [DEBUG] debug-file - session manager: set active socket. socketId=XfzXkret4A_xZ1mAAAAB
[2025-04-06T22:56:13.199] [DEBUG] debug-file - watch worker: worker id should be larger than 0. Nothing will be sent to any worker thread.
[2025-04-06T22:56:13.227] [DEBUG] debug-file - Hvigor init with startParameters:{
  hvigorfileTypeCheck: false,
  parallelExecution: true,
  incrementalExecution: true,
  printStackTrace: false,
  daemon: true,
  analyze: 0,
  logLevel: Level { level: 20000, levelStr: 'INFO', colour: 'green' }
}
[2025-04-06T22:56:13.232] [DEBUG] debug-file - Cache service initialization finished in 5 ms 
[2025-04-06T22:56:13.247] [DEBUG] debug-file - hvigorfile, resolving D:\hw\DevEcoStudioProjects\MyApplication2\hvigorfile.ts
[2025-04-06T22:56:15.284] [DEBUG] debug-file - hvigorfile, require result:  {}
[2025-04-06T22:56:15.285] [DEBUG] debug-file - hvigorfile, binding system plugins {}
[2025-04-06T22:56:15.620] [DEBUG] debug-file - Start initialize project's product build option map with build mode debug.
[2025-04-06T22:56:15.620] [DEBUG] debug-file - Picking option from product 'default' with build mode 'debug'.
[2025-04-06T22:56:15.622] [DEBUG] debug-file - Product 'default' build option: {}
[2025-04-06T22:56:15.622] [DEBUG] debug-file - End initialize project's product build option map with build mode 'debug'.
[2025-04-06T22:56:15.626] [DEBUG] debug-file - Product 'default' using build option: {
  "debuggable": true
} in this build.
[2025-04-06T22:56:15.648] [DEBUG] debug-file - not found resModel json file in : D:\hw\DevEcoStudioProjects\MyApplication2\entry\src\ohosTest\module.json5
[2025-04-06T22:56:15.658] [DEBUG] debug-file - No signingConfig found, initRemoteHspCache failed.
[2025-04-06T22:56:15.665] [DEBUG] debug-file - Local scan or download HarmonyOS sdk components toolchains,ets,js,native,previewer
[2025-04-06T22:56:15.669] [DEBUG] debug-file - Local scan or download hmscore sdk components toolchains,ets,native
[2025-04-06T22:56:15.677] [DEBUG] debug-file - Start recording SDK configuration permission data.
[2025-04-06T22:56:15.710] [DEBUG] debug-file - Sdk init in 50 ms 
[2025-04-06T22:56:15.733] [DEBUG] debug-file - Project task initialization takes 21 ms 
[2025-04-06T22:56:15.733] [DEBUG] debug-file - hvigorfile, resolve finished D:\hw\DevEcoStudioProjects\MyApplication2\hvigorfile.ts
[2025-04-06T22:56:15.739] [DEBUG] debug-file - hvigorfile, resolving D:\hw\DevEcoStudioProjects\MyApplication2\entry\hvigorfile.ts
[2025-04-06T22:56:15.748] [DEBUG] debug-file - hvigorfile, require result:  {}
[2025-04-06T22:56:15.748] [DEBUG] debug-file - hvigorfile, binding system plugins {}
[2025-04-06T22:56:15.760] [DEBUG] debug-file - Start initialize module-target build option map, moduleName=entry, buildMode=debug
[2025-04-06T22:56:15.761] [DEBUG] debug-file - Target 'default' config: {}
[2025-04-06T22:56:15.761] [DEBUG] debug-file - Target 'ohosTest' config: {}
[2025-04-06T22:56:15.761] [DEBUG] debug-file - Module 'entry' target 'default' build option: {
  "debuggable": true,
  "copyFrom": "default"
}
[2025-04-06T22:56:15.761] [DEBUG] debug-file - Module 'entry' target 'ohosTest' build option: {
  "debuggable": true
}
[2025-04-06T22:56:15.761] [DEBUG] debug-file - End initialize module-target build option map, moduleName=entry
[2025-04-06T22:56:15.762] [DEBUG] debug-file - Module 'entry' target 'default' using build option: {
  "debuggable": true,
  "copyFrom": "default"
} in this build.
[2025-04-06T22:56:15.769] [DEBUG] debug-file - Module entry task initialization takes 4 ms 
[2025-04-06T22:56:15.769] [DEBUG] debug-file - hvigorfile, resolve finished D:\hw\DevEcoStudioProjects\MyApplication2\entry\hvigorfile.ts
[2025-04-06T22:56:15.788] [DEBUG] debug-file - hvigorfile, resolve hvigorfile dependencies in 17 ms 
[2025-04-06T22:56:15.790] [DEBUG] debug-file - project has submodules:entry
[2025-04-06T22:56:15.806] [DEBUG] debug-file - start to load updatedOhPackageInfo to the disk
[2025-04-06T22:56:15.811] [DEBUG] debug-file - load to the disk finished
[2025-04-06T22:56:15.814] [DEBUG] debug-file - Start to initialize dependency information.
[2025-04-06T22:56:15.817] [DEBUG] debug-file - Module MyApplication2 Collected Dependency: 
[2025-04-06T22:56:15.818] [DEBUG] debug-file - Module MyApplication2's total dependency: 0
[2025-04-06T22:56:15.819] [DEBUG] debug-file - Start to initialize dependency information.
[2025-04-06T22:56:15.822] [DEBUG] debug-file - Module entry Collected Dependency: 
[2025-04-06T22:56:15.822] [DEBUG] debug-file - Module entry's total dependency: 0
[2025-04-06T22:56:15.827] [DEBUG] debug-file - Configuration phase cost:2 s 588 ms 
[2025-04-06T22:56:15.833] [DEBUG] debug-file - Configuration task cost before running: 2 s 626 ms 
[2025-04-06T22:56:15.834] [DEBUG] debug-file - Executing task :entry:init
[2025-04-06T22:56:15.835] [DEBUG] debug-file - entry : init cost memory 0.0154876708984375
[2025-04-06T22:56:15.835] [DEBUG] debug-file - runTaskFromQueue task cost before running: 2 s 628 ms 
[2025-04-06T22:56:15.836] [INFO] debug-file - Finished :entry:init... after 2 ms 
[2025-04-06T22:56:15.836] [DEBUG] debug-file - Executing task ::init
[2025-04-06T22:56:15.837] [DEBUG] debug-file - MyApplication2 : init cost memory 0.01282501220703125
[2025-04-06T22:56:15.837] [DEBUG] debug-file - runTaskFromQueue task cost before running: 2 s 630 ms 
[2025-04-06T22:56:15.838] [INFO] debug-file - Finished ::init... after 1 ms 
[2025-04-06T22:56:15.864] [DEBUG] debug-file - Module 'entry' target 'default' using build option: {
  "debuggable": true,
  "copyFrom": "default"
} in this build.
[2025-04-06T22:56:15.869] [DEBUG] debug-file - Module 'entry' target 'ohosTest' using build option: {
  "debuggable": true
} in this build.
[2025-04-06T22:56:15.883] [DEBUG] debug-file - session manager: send message to worker process.
[2025-04-06T22:56:15.883] [DEBUG] debug-file - session manager: send message to worker process.
[2025-04-06T22:56:15.882] [DEBUG] debug-file - Since there is no instance or instance is terminated, create a new worker pool.
[2025-04-06T22:56:15.882] [DEBUG] debug-file - Worker pool is initialized with config:  {
  minPoolNum: 2,
  maxPoolNum: undefined,
  maxCoreSize: undefined,
  cacheCapacity: undefined,
  cacheTtl: undefined
}
[2025-04-06T22:56:15.884] [DEBUG] debug-file - Create  resident worker with id: 0.
[2025-04-06T22:56:15.888] [DEBUG] debug-file - Create  resident worker with id: 1.
[2025-04-06T22:56:15.891] [DEBUG] debug-file - Cleanup worker 0.
[2025-04-06T22:56:15.892] [DEBUG] debug-file - Worker 0 has been cleaned up.
[2025-04-06T22:56:15.892] [DEBUG] debug-file - Current idle worker size: 1.
[2025-04-06T22:56:15.892] [DEBUG] debug-file - Current resident worker size: 2.
[2025-04-06T22:56:15.892] [DEBUG] debug-file - Cleanup worker 1.
[2025-04-06T22:56:15.892] [DEBUG] debug-file - Worker 1 has been cleaned up.
[2025-04-06T22:56:15.892] [DEBUG] debug-file - Current idle worker size: 0.
[2025-04-06T22:56:15.892] [DEBUG] debug-file - Current resident worker size: 2.
[2025-04-06T22:56:15.893] [DEBUG] debug-file - hvigor build process will be closed.
[2025-04-06T22:56:15.898] [DEBUG] debug-file - watch worker: worker id should be larger than 0. Nothing will be sent to any worker thread.
[2025-04-06T22:56:15.899] [DEBUG] debug-file - watch worker: worker id should be larger than 0. Nothing will be sent to any worker thread.
[2025-04-06T22:56:15.900] [DEBUG] debug-file - worker[0] exits with exit code 0.
[2025-04-06T22:56:15.903] [DEBUG] debug-file - worker[1] exits with exit code 0.
